2021-08-16 10:36:52.153  INFO 29085 --- [ (self-tuning)'] o.s.web.servlet.DispatcherServlet        : Initializing Servlet 'dispatcherServlet'
2021-08-16 10:36:52.161  INFO 29085 --- [ (self-tuning)'] o.s.web.servlet.DispatcherServlet        : Completed initialization in 5 ms
Start get detail ...
maps: {IdcService=GET_SEARCH_RESULTS, QueryText=dID = `4`}
idcClient : oracle.stellent.ridc.protocol.intradoc.IntradocClient@31fd77d6
end get detail ...
Start get detail ...
maps: {IdcService=GET_SEARCH_RESULTS, QueryText=dID = `5`}
idcClient : oracle.stellent.ridc.protocol.intradoc.IntradocClient@70b4d749
end get detail ...
maps: {IdcService=GET_SEARCH_RESULTS, SortOrder=Desc, QueryText=dDocType <contains>`TinVideo`  <AND> xmNgonngu <matches> `vi`, SortField=xmNgayxuatban, ResultCount=, StartRow=}
idcClient : oracle.stellent.ridc.protocol.intradoc.IntradocClient@16cf431e
maps: {IdcService=GET_SEARCH_RESULTS, SortOrder=desc, QueryText=dID = `6001`<AND> xmNgonngu <matches> `vi`, SortField=xmNgayxuatban, ResultCount=, StartRow=}
idcClient : oracle.stellent.ridc.protocol.intradoc.IntradocClient@19a40e2a
maps: {IdcService=GET_SEARCH_RESULTS, SortOrder=desc, QueryText=dID = `6001`<AND> xmNgonngu <matches> `vi`, SortField=xmNgayxuatban, ResultCount=, StartRow=}
idcClient : oracle.stellent.ridc.protocol.intradoc.IntradocClient@112d9a1b
Start get detail ...
maps: {IdcService=GET_SEARCH_RESULTS, QueryText=dID = `5`}
idcClient : oracle.stellent.ridc.protocol.intradoc.IntradocClient@31c5c77d
end get detail ...
java.lang.NoSuchMethodException: org.apache.commons.logging.LogFactory.release(java.lang.ClassLoader)
	at java.lang.Class.getMethod(Class.java:1786)
	at oracle.jrf.wls.JRFStartup$MBeanServerNotificationListener.releaseApacheLog(JRFStartup.java:177)
	at oracle.jrf.wls.JRFStartup$MBeanServerNotificationListener.handleNotification(JRFStartup.java:157)
	at weblogic.management.mbeanservers.internal.PartitionJMXInterceptor$IntermediateNotificationListener.fireEvent(PartitionJMXInterceptor.java:1490)
	at weblogic.management.mbeanservers.internal.PartitionJMXInterceptor$IntermediateNotificationListener.handleNotification(PartitionJMXInterceptor.java:1738)
	at com.sun.jmx.interceptor.DefaultMBeanServerInterceptor$ListenerWrapper.handleNotification(DefaultMBeanServerInterceptor.java:1754)
	at javax.management.NotificationBroadcasterSupport.handleNotification(NotificationBroadcasterSupport.java:275)
	at javax.management.NotificationBroadcasterSupport$SendNotifJob.run(NotificationBroadcasterSupport.java:352)
	at javax.management.NotificationBroadcasterSupport$1.execute(NotificationBroadcasterSupport.java:337)
	at javax.management.NotificationBroadcasterSupport.sendNotification(NotificationBroadcasterSupport.java:248)
	at javax.management.MBeanServerDelegate.sendNotification(MBeanServerDelegate.java:209)
	at com.sun.jmx.interceptor.DefaultMBeanServerInterceptor.sendNotification(DefaultMBeanServerInterceptor.java:1498)
	at com.sun.jmx.interceptor.DefaultMBeanServerInterceptor.unregisterFromRepository(DefaultMBeanServerInterceptor.java:1952)
	at com.sun.jmx.interceptor.DefaultMBeanServerInterceptor.exclusiveUnregisterMBean(DefaultMBeanServerInterceptor.java:448)
	at com.sun.jmx.interceptor.DefaultMBeanServerInterceptor.unregisterMBean(DefaultMBeanServerInterceptor.java:415)
	at com.sun.jmx.mbeanserver.JmxMBeanServer.unregisterMBean(JmxMBeanServer.java:546)
	at weblogic.management.jmx.mbeanserver.WLSMBeanServer.internalUnregisterMBean(WLSMBeanServer.java:223)
	at weblogic.management.mbeanservers.internal.RuntimeMBeanAgent$1.unregisteredInternal(RuntimeMBeanAgent.java:132)
	at weblogic.management.mbeanservers.internal.RuntimeMBeanAgent$1.unregistered(RuntimeMBeanAgent.java:108)
	at weblogic.management.provider.core.RegistrationManagerBase.invokeRegistrationHandlers(RegistrationManagerBase.java:252)
	at weblogic.management.provider.core.RegistrationManagerBase.unregisterBeanRelationship(RegistrationManagerBase.java:150)
	at weblogic.management.runtime.RuntimeMBeanDelegate.unregister(RuntimeMBeanDelegate.java:313)
	at weblogic.servlet.internal.ServletRuntimeMBeanImpl$2.run(ServletRuntimeMBeanImpl.java:76)
	at weblogic.security.acl.internal.AuthenticatedSubject.doAs(AuthenticatedSubject.java:368)
	at weblogic.security.service.SecurityManager.runAs(SecurityManager.java:163)
	at weblogic.servlet.provider.WlsSecurityProvider.runAs(WlsSecurityProvider.java:198)
	at weblogic.servlet.provider.WlsSubjectHandle.run(WlsSubjectHandle.java:77)
	at weblogic.servlet.internal.ServletRuntimeMBeanImpl.destroy(ServletRuntimeMBeanImpl.java:73)
	at weblogic.servlet.internal.ServletStubImpl.destroy(ServletStubImpl.java:514)
	at weblogic.servlet.internal.WebAppServletContext.destroyServlets(WebAppServletContext.java:3248)
	at weblogic.servlet.internal.WebAppServletContext.destroy(WebAppServletContext.java:3165)
	at weblogic.servlet.internal.ServletContextManager.destroyContext(ServletContextManager.java:251)
	at weblogic.servlet.internal.HttpServer.unloadWebApp(HttpServer.java:693)
	at weblogic.servlet.internal.WebAppModule.destroyContexts(WebAppModule.java:1873)
	at weblogic.servlet.internal.WebAppModule.deactivate(WebAppModule.java:911)
	at weblogic.application.internal.ExtensibleModuleWrapper$ActivateStateChange.previous(ExtensibleModuleWrapper.java:328)
	at weblogic.application.internal.ExtensibleModuleWrapper$ActivateStateChange.previous(ExtensibleModuleWrapper.java:313)
	at weblogic.application.utils.StateMachineDriver.previousState(StateMachineDriver.java:207)
	at weblogic.application.utils.StateMachineDriver.previousState(StateMachineDriver.java:193)
	at weblogic.application.internal.ExtensibleModuleWrapper.deactivate(ExtensibleModuleWrapper.java:163)
	at weblogic.application.internal.flow.ModuleListenerInvoker.deactivate(ModuleListenerInvoker.java:131)
	at weblogic.application.internal.flow.ModuleStateDriver$2.previous(ModuleStateDriver.java:216)
	at weblogic.application.internal.flow.ModuleStateDriver$2.previous(ModuleStateDriver.java:207)
	at weblogic.application.utils.StateMachineDriver.previousState(StateMachineDriver.java:207)
	at weblogic.application.utils.StateMachineDriver.previousState(StateMachineDriver.java:193)
	at weblogic.application.internal.flow.ModuleStateDriver.deactivate(ModuleStateDriver.java:101)
	at weblogic.application.internal.flow.DeploymentCallbackFlow.deactivate(DeploymentCallbackFlow.java:120)
	at weblogic.application.internal.BaseDeployment$2.previous(BaseDeployment.java:758)
	at weblogic.application.utils.StateMachineDriver.previousState(StateMachineDriver.java:207)
	at weblogic.application.utils.StateMachineDriver.previousState(StateMachineDriver.java:193)
	at weblogic.application.internal.BaseDeployment.deactivate(BaseDeployment.java:285)
	at weblogic.application.internal.SingleModuleDeployment.deactivate(SingleModuleDeployment.java:52)
	at weblogic.application.internal.DeploymentStateChecker.deactivate(DeploymentStateChecker.java:202)
	at weblogic.deploy.internal.targetserver.AppContainerInvoker.deactivate(AppContainerInvoker.java:114)
	at weblogic.deploy.internal.targetserver.operations.DeactivateOperation.deactivate(DeactivateOperation.java:78)
	at weblogic.deploy.internal.targetserver.operations.RemoveOperation.removeDeployment(RemoveOperation.java:361)
	at weblogic.deploy.internal.targetserver.operations.RemoveOperation.doCommit(RemoveOperation.java:144)
	at weblogic.deploy.internal.targetserver.operations.AbstractOperation.commit(AbstractOperation.java:348)
	at weblogic.deploy.internal.targetserver.DeploymentManager.handleDeploymentCommit(DeploymentManager.java:907)
	at weblogic.deploy.internal.targetserver.DeploymentManager.activateDeploymentList(DeploymentManager.java:1468)
	at weblogic.deploy.internal.targetserver.DeploymentManager.handleCommit(DeploymentManager.java:459)
	at weblogic.deploy.internal.targetserver.DeploymentServiceDispatcher.commit(DeploymentServiceDispatcher.java:181)
	at weblogic.deploy.service.internal.targetserver.DeploymentReceiverCallbackDeliverer.doCommitCallback(DeploymentReceiverCallbackDeliverer.java:217)
	at weblogic.deploy.service.internal.targetserver.DeploymentReceiverCallbackDeliverer.access$100(DeploymentReceiverCallbackDeliverer.java:14)
	at weblogic.deploy.service.internal.targetserver.DeploymentReceiverCallbackDeliverer$2.run(DeploymentReceiverCallbackDeliverer.java:69)
	at weblogic.work.SelfTuningWorkManagerImpl$WorkAdapterImpl.run(SelfTuningWorkManagerImpl.java:670)
	at weblogic.invocation.ComponentInvocationContextManager._runAs(ComponentInvocationContextManager.java:352)
	at weblogic.invocation.ComponentInvocationContextManager.runAs(ComponentInvocationContextManager.java:337)
	at weblogic.work.LivePartitionUtility.doRunWorkUnderContext(LivePartitionUtility.java:57)
	at weblogic.work.PartitionUtility.runWorkUnderContext(PartitionUtility.java:41)
	at weblogic.work.SelfTuningWorkManagerImpl.runWorkUnderContext(SelfTuningWorkManagerImpl.java:644)
	at weblogic.work.ExecuteThread.execute(ExecuteThread.java:415)
	at weblogic.work.ExecuteThread.run(ExecuteThread.java:355)
java.lang.NoSuchMethodException: org.apache.commons.logging.LogFactory.release(java.lang.ClassLoader)
	at java.lang.Class.getMethod(Class.java:1786)
	at oracle.jrf.wls.JRFStartup$MBeanServerNotificationListener.releaseApacheLog(JRFStartup.java:177)
	at oracle.jrf.wls.JRFStartup$MBeanServerNotificationListener.handleNotification(JRFStartup.java:157)
	at weblogic.management.mbeanservers.internal.PartitionJMXInterceptor$IntermediateNotificationListener.fireEvent(PartitionJMXInterceptor.java:1490)
	at weblogic.management.mbeanservers.internal.PartitionJMXInterceptor$IntermediateNotificationListener.handleNotification(PartitionJMXInterceptor.java:1738)
	at com.sun.jmx.interceptor.DefaultMBeanServerInterceptor$ListenerWrapper.handleNotification(DefaultMBeanServerInterceptor.java:1754)
	at javax.management.NotificationBroadcasterSupport.handleNotification(NotificationBroadcasterSupport.java:275)
	at javax.management.NotificationBroadcasterSupport$SendNotifJob.run(NotificationBroadcasterSupport.java:352)
	at javax.management.NotificationBroadcasterSupport$1.execute(NotificationBroadcasterSupport.java:337)
	at javax.management.NotificationBroadcasterSupport.sendNotification(NotificationBroadcasterSupport.java:248)
	at javax.management.MBeanServerDelegate.sendNotification(MBeanServerDelegate.java:209)
	at com.sun.jmx.interceptor.DefaultMBeanServerInterceptor.sendNotification(DefaultMBeanServerInterceptor.java:1498)
	at com.sun.jmx.interceptor.DefaultMBeanServerInterceptor.unregisterFromRepository(DefaultMBeanServerInterceptor.java:1952)
	at com.sun.jmx.interceptor.DefaultMBeanServerInterceptor.exclusiveUnregisterMBean(DefaultMBeanServerInterceptor.java:448)
	at com.sun.jmx.interceptor.DefaultMBeanServerInterceptor.unregisterMBean(DefaultMBeanServerInterceptor.java:415)
	at com.sun.jmx.mbeanserver.JmxMBeanServer.unregisterMBean(JmxMBeanServer.java:546)
	at weblogic.management.jmx.mbeanserver.WLSMBeanServer.internalUnregisterMBean(WLSMBeanServer.java:223)
	at weblogic.management.mbeanservers.internal.RuntimeMBeanAgent$1.unregisteredInternal(RuntimeMBeanAgent.java:132)
	at weblogic.management.mbeanservers.internal.RuntimeMBeanAgent$1.unregistered(RuntimeMBeanAgent.java:108)
	at weblogic.management.provider.core.RegistrationManagerBase.invokeRegistrationHandlers(RegistrationManagerBase.java:252)
	at weblogic.management.provider.core.RegistrationManagerBase.unregisterBeanRelationship(RegistrationManagerBase.java:150)
	at weblogic.management.runtime.RuntimeMBeanDelegate.unregister(RuntimeMBeanDelegate.java:313)
	at weblogic.servlet.internal.ServletRuntimeMBeanImpl$2.run(ServletRuntimeMBeanImpl.java:76)
	at weblogic.security.acl.internal.AuthenticatedSubject.doAs(AuthenticatedSubject.java:368)
	at weblogic.security.service.SecurityManager.runAs(SecurityManager.java:163)
	at weblogic.servlet.provider.WlsSecurityProvider.runAs(WlsSecurityProvider.java:198)
	at weblogic.servlet.provider.WlsSubjectHandle.run(WlsSubjectHandle.java:77)
	at weblogic.servlet.internal.ServletRuntimeMBeanImpl.destroy(ServletRuntimeMBeanImpl.java:73)
	at weblogic.servlet.internal.ServletStubImpl.destroy(ServletStubImpl.java:514)
	at weblogic.servlet.internal.WebAppServletContext.destroyServlets(WebAppServletContext.java:3248)
	at weblogic.servlet.internal.WebAppServletContext.destroy(WebAppServletContext.java:3165)
	at weblogic.servlet.internal.ServletContextManager.destroyContext(ServletContextManager.java:251)
	at weblogic.servlet.internal.HttpServer.unloadWebApp(HttpServer.java:693)
	at weblogic.servlet.internal.WebAppModule.destroyContexts(WebAppModule.java:1873)
	at weblogic.servlet.internal.WebAppModule.deactivate(WebAppModule.java:911)
	at weblogic.application.internal.ExtensibleModuleWrapper$ActivateStateChange.previous(ExtensibleModuleWrapper.java:328)
	at weblogic.application.internal.ExtensibleModuleWrapper$ActivateStateChange.previous(ExtensibleModuleWrapper.java:313)
	at weblogic.application.utils.StateMachineDriver.previousState(StateMachineDriver.java:207)
	at weblogic.application.utils.StateMachineDriver.previousState(StateMachineDriver.java:193)
	at weblogic.application.internal.ExtensibleModuleWrapper.deactivate(ExtensibleModuleWrapper.java:163)
	at weblogic.application.internal.flow.ModuleListenerInvoker.deactivate(ModuleListenerInvoker.java:131)
	at weblogic.application.internal.flow.ModuleStateDriver$2.previous(ModuleStateDriver.java:216)
	at weblogic.application.internal.flow.ModuleStateDriver$2.previous(ModuleStateDriver.java:207)
	at weblogic.application.utils.StateMachineDriver.previousState(StateMachineDriver.java:207)
	at weblogic.application.utils.StateMachineDriver.previousState(StateMachineDriver.java:193)
	at weblogic.application.internal.flow.ModuleStateDriver.deactivate(ModuleStateDriver.java:101)
	at weblogic.application.internal.flow.DeploymentCallbackFlow.deactivate(DeploymentCallbackFlow.java:120)
	at weblogic.application.internal.BaseDeployment$2.previous(BaseDeployment.java:758)
	at weblogic.application.utils.StateMachineDriver.previousState(StateMachineDriver.java:207)
	at weblogic.application.utils.StateMachineDriver.previousState(StateMachineDriver.java:193)
	at weblogic.application.internal.BaseDeployment.deactivate(BaseDeployment.java:285)
	at weblogic.application.internal.SingleModuleDeployment.deactivate(SingleModuleDeployment.java:52)
	at weblogic.application.internal.DeploymentStateChecker.deactivate(DeploymentStateChecker.java:202)
	at weblogic.deploy.internal.targetserver.AppContainerInvoker.deactivate(AppContainerInvoker.java:114)
	at weblogic.deploy.internal.targetserver.operations.DeactivateOperation.deactivate(DeactivateOperation.java:78)
	at weblogic.deploy.internal.targetserver.operations.RemoveOperation.removeDeployment(RemoveOperation.java:361)
	at weblogic.deploy.internal.targetserver.operations.RemoveOperation.doCommit(RemoveOperation.java:144)
	at weblogic.deploy.internal.targetserver.operations.AbstractOperation.commit(AbstractOperation.java:348)
	at weblogic.deploy.internal.targetserver.DeploymentManager.handleDeploymentCommit(DeploymentManager.java:907)
	at weblogic.deploy.internal.targetserver.DeploymentManager.activateDeploymentList(DeploymentManager.java:1468)
	at weblogic.deploy.internal.targetserver.DeploymentManager.handleCommit(DeploymentManager.java:459)
	at weblogic.deploy.internal.targetserver.DeploymentServiceDispatcher.commit(DeploymentServiceDispatcher.java:181)
	at weblogic.deploy.service.internal.targetserver.DeploymentReceiverCallbackDeliverer.doCommitCallback(DeploymentReceiverCallbackDeliverer.java:217)
	at weblogic.deploy.service.internal.targetserver.DeploymentReceiverCallbackDeliverer.access$100(DeploymentReceiverCallbackDeliverer.java:14)
	at weblogic.deploy.service.internal.targetserver.DeploymentReceiverCallbackDeliverer$2.run(DeploymentReceiverCallbackDeliverer.java:69)
	at weblogic.work.SelfTuningWorkManagerImpl$WorkAdapterImpl.run(SelfTuningWorkManagerImpl.java:670)
	at weblogic.invocation.ComponentInvocationContextManager._runAs(ComponentInvocationContextManager.java:352)
	at weblogic.invocation.ComponentInvocationContextManager.runAs(ComponentInvocationContextManager.java:337)
	at weblogic.work.LivePartitionUtility.doRunWorkUnderContext(LivePartitionUtility.java:57)
	at weblogic.work.PartitionUtility.runWorkUnderContext(PartitionUtility.java:41)
	at weblogic.work.SelfTuningWorkManagerImpl.runWorkUnderContext(SelfTuningWorkManagerImpl.java:644)
	at weblogic.work.ExecuteThread.execute(ExecuteThread.java:415)
	at weblogic.work.ExecuteThread.run(ExecuteThread.java:355)
java.lang.NoSuchMethodException: org.apache.commons.logging.LogFactory.release(java.lang.ClassLoader)
	at java.lang.Class.getMethod(Class.java:1786)
	at oracle.jrf.wls.JRFStartup$MBeanServerNotificationListener.releaseApacheLog(JRFStartup.java:177)
	at oracle.jrf.wls.JRFStartup$MBeanServerNotificationListener.handleNotification(JRFStartup.java:157)
	at weblogic.management.mbeanservers.internal.PartitionJMXInterceptor$IntermediateNotificationListener.fireEvent(PartitionJMXInterceptor.java:1490)
	at weblogic.management.mbeanservers.internal.PartitionJMXInterceptor$IntermediateNotificationListener.handleNotification(PartitionJMXInterceptor.java:1738)
	at com.sun.jmx.interceptor.DefaultMBeanServerInterceptor$ListenerWrapper.handleNotification(DefaultMBeanServerInterceptor.java:1754)
	at javax.management.NotificationBroadcasterSupport.handleNotification(NotificationBroadcasterSupport.java:275)
	at javax.management.NotificationBroadcasterSupport$SendNotifJob.run(NotificationBroadcasterSupport.java:352)
	at javax.management.NotificationBroadcasterSupport$1.execute(NotificationBroadcasterSupport.java:337)
	at javax.management.NotificationBroadcasterSupport.sendNotification(NotificationBroadcasterSupport.java:248)
	at javax.management.MBeanServerDelegate.sendNotification(MBeanServerDelegate.java:209)
	at com.sun.jmx.interceptor.DefaultMBeanServerInterceptor.sendNotification(DefaultMBeanServerInterceptor.java:1498)
	at com.sun.jmx.interceptor.DefaultMBeanServerInterceptor.unregisterFromRepository(DefaultMBeanServerInterceptor.java:1952)
	at com.sun.jmx.interceptor.DefaultMBeanServerInterceptor.exclusiveUnregisterMBean(DefaultMBeanServerInterceptor.java:448)
	at com.sun.jmx.interceptor.DefaultMBeanServerInterceptor.unregisterMBean(DefaultMBeanServerInterceptor.java:415)
	at com.sun.jmx.mbeanserver.JmxMBeanServer.unregisterMBean(JmxMBeanServer.java:546)
	at weblogic.management.jmx.mbeanserver.WLSMBeanServer.internalUnregisterMBean(WLSMBeanServer.java:223)
	at weblogic.management.mbeanservers.internal.RuntimeMBeanAgent$1.unregisteredInternal(RuntimeMBeanAgent.java:132)
	at weblogic.management.mbeanservers.internal.RuntimeMBeanAgent$1.unregistered(RuntimeMBeanAgent.java:108)
	at weblogic.management.provider.core.RegistrationManagerBase.invokeRegistrationHandlers(RegistrationManagerBase.java:252)
	at weblogic.management.provider.core.RegistrationManagerBase.unregisterBeanRelationship(RegistrationManagerBase.java:150)
	at weblogic.management.runtime.RuntimeMBeanDelegate.unregister(RuntimeMBeanDelegate.java:313)
	at weblogic.servlet.internal.ServletRuntimeMBeanImpl$2.run(ServletRuntimeMBeanImpl.java:76)
	at weblogic.security.acl.internal.AuthenticatedSubject.doAs(AuthenticatedSubject.java:368)
	at weblogic.security.service.SecurityManager.runAs(SecurityManager.java:163)
	at weblogic.servlet.provider.WlsSecurityProvider.runAs(WlsSecurityProvider.java:198)
	at weblogic.servlet.provider.WlsSubjectHandle.run(WlsSubjectHandle.java:77)
	at weblogic.servlet.internal.ServletRuntimeMBeanImpl.destroy(ServletRuntimeMBeanImpl.java:73)
	at weblogic.servlet.internal.ServletStubImpl.destroy(ServletStubImpl.java:514)
	at weblogic.servlet.internal.WebAppServletContext.destroyServlets(WebAppServletContext.java:3248)
	at weblogic.servlet.internal.WebAppServletContext.destroy(WebAppServletContext.java:3165)
	at weblogic.servlet.internal.ServletContextManager.destroyContext(ServletContextManager.java:251)
	at weblogic.servlet.internal.HttpServer.unloadWebApp(HttpServer.java:693)
	at weblogic.servlet.internal.WebAppModule.destroyContexts(WebAppModule.java:1873)
	at weblogic.servlet.internal.WebAppModule.deactivate(WebAppModule.java:911)
	at weblogic.application.internal.ExtensibleModuleWrapper$ActivateStateChange.previous(ExtensibleModuleWrapper.java:328)
	at weblogic.application.internal.ExtensibleModuleWrapper$ActivateStateChange.previous(ExtensibleModuleWrapper.java:313)
	at weblogic.application.utils.StateMachineDriver.previousState(StateMachineDriver.java:207)
	at weblogic.application.utils.StateMachineDriver.previousState(StateMachineDriver.java:193)
	at weblogic.application.internal.ExtensibleModuleWrapper.deactivate(ExtensibleModuleWrapper.java:163)
	at weblogic.application.internal.flow.ModuleListenerInvoker.deactivate(ModuleListenerInvoker.java:131)
	at weblogic.application.internal.flow.ModuleStateDriver$2.previous(ModuleStateDriver.java:216)
	at weblogic.application.internal.flow.ModuleStateDriver$2.previous(ModuleStateDriver.java:207)
	at weblogic.application.utils.StateMachineDriver.previousState(StateMachineDriver.java:207)
	at weblogic.application.utils.StateMachineDriver.previousState(StateMachineDriver.java:193)
	at weblogic.application.internal.flow.ModuleStateDriver.deactivate(ModuleStateDriver.java:101)
	at weblogic.application.internal.flow.DeploymentCallbackFlow.deactivate(DeploymentCallbackFlow.java:120)
	at weblogic.application.internal.BaseDeployment$2.previous(BaseDeployment.java:758)
	at weblogic.application.utils.StateMachineDriver.previousState(StateMachineDriver.java:207)
	at weblogic.application.utils.StateMachineDriver.previousState(StateMachineDriver.java:193)
	at weblogic.application.internal.BaseDeployment.deactivate(BaseDeployment.java:285)
	at weblogic.application.internal.SingleModuleDeployment.deactivate(SingleModuleDeployment.java:52)
	at weblogic.application.internal.DeploymentStateChecker.deactivate(DeploymentStateChecker.java:202)
	at weblogic.deploy.internal.targetserver.AppContainerInvoker.deactivate(AppContainerInvoker.java:114)
	at weblogic.deploy.internal.targetserver.operations.DeactivateOperation.deactivate(DeactivateOperation.java:78)
	at weblogic.deploy.internal.targetserver.operations.RemoveOperation.removeDeployment(RemoveOperation.java:361)
	at weblogic.deploy.internal.targetserver.operations.RemoveOperation.doCommit(RemoveOperation.java:144)
	at weblogic.deploy.internal.targetserver.operations.AbstractOperation.commit(AbstractOperation.java:348)
	at weblogic.deploy.internal.targetserver.DeploymentManager.handleDeploymentCommit(DeploymentManager.java:907)
	at weblogic.deploy.internal.targetserver.DeploymentManager.activateDeploymentList(DeploymentManager.java:1468)
	at weblogic.deploy.internal.targetserver.DeploymentManager.handleCommit(DeploymentManager.java:459)
	at weblogic.deploy.internal.targetserver.DeploymentServiceDispatcher.commit(DeploymentServiceDispatcher.java:181)
	at weblogic.deploy.service.internal.targetserver.DeploymentReceiverCallbackDeliverer.doCommitCallback(DeploymentReceiverCallbackDeliverer.java:217)
	at weblogic.deploy.service.internal.targetserver.DeploymentReceiverCallbackDeliverer.access$100(DeploymentReceiverCallbackDeliverer.java:14)
	at weblogic.deploy.service.internal.targetserver.DeploymentReceiverCallbackDeliverer$2.run(DeploymentReceiverCallbackDeliverer.java:69)
	at weblogic.work.SelfTuningWorkManagerImpl$WorkAdapterImpl.run(SelfTuningWorkManagerImpl.java:670)
	at weblogic.invocation.ComponentInvocationContextManager._runAs(ComponentInvocationContextManager.java:352)
	at weblogic.invocation.ComponentInvocationContextManager.runAs(ComponentInvocationContextManager.java:337)
	at weblogic.work.LivePartitionUtility.doRunWorkUnderContext(LivePartitionUtility.java:57)
	at weblogic.work.PartitionUtility.runWorkUnderContext(PartitionUtility.java:41)
	at weblogic.work.SelfTuningWorkManagerImpl.runWorkUnderContext(SelfTuningWorkManagerImpl.java:644)
	at weblogic.work.ExecuteThread.execute(ExecuteThread.java:415)
	at weblogic.work.ExecuteThread.run(ExecuteThread.java:355)
java.lang.NoSuchMethodException: org.apache.commons.logging.LogFactory.release(java.lang.ClassLoader)
	at java.lang.Class.getMethod(Class.java:1786)
	at oracle.jrf.wls.JRFStartup$MBeanServerNotificationListener.releaseApacheLog(JRFStartup.java:177)
	at oracle.jrf.wls.JRFStartup$MBeanServerNotificationListener.handleNotification(JRFStartup.java:157)
	at weblogic.management.mbeanservers.internal.PartitionJMXInterceptor$IntermediateNotificationListener.fireEvent(PartitionJMXInterceptor.java:1490)
	at weblogic.management.mbeanservers.internal.PartitionJMXInterceptor$IntermediateNotificationListener.handleNotification(PartitionJMXInterceptor.java:1738)
	at com.sun.jmx.interceptor.DefaultMBeanServerInterceptor$ListenerWrapper.handleNotification(DefaultMBeanServerInterceptor.java:1754)
	at javax.management.NotificationBroadcasterSupport.handleNotification(NotificationBroadcasterSupport.java:275)
	at javax.management.NotificationBroadcasterSupport$SendNotifJob.run(NotificationBroadcasterSupport.java:352)
	at javax.management.NotificationBroadcasterSupport$1.execute(NotificationBroadcasterSupport.java:337)
	at javax.management.NotificationBroadcasterSupport.sendNotification(NotificationBroadcasterSupport.java:248)
	at javax.management.MBeanServerDelegate.sendNotification(MBeanServerDelegate.java:209)
	at com.sun.jmx.interceptor.DefaultMBeanServerInterceptor.sendNotification(DefaultMBeanServerInterceptor.java:1498)
	at com.sun.jmx.interceptor.DefaultMBeanServerInterceptor.unregisterFromRepository(DefaultMBeanServerInterceptor.java:1952)
	at com.sun.jmx.interceptor.DefaultMBeanServerInterceptor.exclusiveUnregisterMBean(DefaultMBeanServerInterceptor.java:448)
	at com.sun.jmx.interceptor.DefaultMBeanServerInterceptor.unregisterMBean(DefaultMBeanServerInterceptor.java:415)
	at com.sun.jmx.mbeanserver.JmxMBeanServer.unregisterMBean(JmxMBeanServer.java:546)
	at weblogic.management.jmx.mbeanserver.WLSMBeanServer.internalUnregisterMBean(WLSMBeanServer.java:223)
	at weblogic.management.mbeanservers.internal.RuntimeMBeanAgent$1.unregisteredInternal(RuntimeMBeanAgent.java:132)
	at weblogic.management.mbeanservers.internal.RuntimeMBeanAgent$1.unregistered(RuntimeMBeanAgent.java:108)
	at weblogic.management.provider.core.RegistrationManagerBase.invokeRegistrationHandlers(RegistrationManagerBase.java:252)
	at weblogic.management.provider.core.RegistrationManagerBase.unregisterBeanRelationship(RegistrationManagerBase.java:150)
	at weblogic.management.runtime.RuntimeMBeanDelegate.unregister(RuntimeMBeanDelegate.java:313)
	at weblogic.servlet.internal.ServletRuntimeMBeanImpl$2.run(ServletRuntimeMBeanImpl.java:76)
	at weblogic.security.acl.internal.AuthenticatedSubject.doAs(AuthenticatedSubject.java:368)
	at weblogic.security.service.SecurityManager.runAs(SecurityManager.java:163)
	at weblogic.servlet.provider.WlsSecurityProvider.runAs(WlsSecurityProvider.java:198)
	at weblogic.servlet.provider.WlsSubjectHandle.run(WlsSubjectHandle.java:77)
	at weblogic.servlet.internal.ServletRuntimeMBeanImpl.destroy(ServletRuntimeMBeanImpl.java:73)
	at weblogic.servlet.internal.ServletStubImpl.destroy(ServletStubImpl.java:514)
	at weblogic.servlet.internal.WebAppServletContext.destroyServlets(WebAppServletContext.java:3248)
	at weblogic.servlet.internal.WebAppServletContext.destroy(WebAppServletContext.java:3165)
	at weblogic.servlet.internal.ServletContextManager.destroyContext(ServletContextManager.java:251)
	at weblogic.servlet.internal.HttpServer.unloadWebApp(HttpServer.java:693)
	at weblogic.servlet.internal.WebAppModule.destroyContexts(WebAppModule.java:1873)
	at weblogic.servlet.internal.WebAppModule.deactivate(WebAppModule.java:911)
	at weblogic.application.internal.ExtensibleModuleWrapper$ActivateStateChange.previous(ExtensibleModuleWrapper.java:328)
	at weblogic.application.internal.ExtensibleModuleWrapper$ActivateStateChange.previous(ExtensibleModuleWrapper.java:313)
	at weblogic.application.utils.StateMachineDriver.previousState(StateMachineDriver.java:207)
	at weblogic.application.utils.StateMachineDriver.previousState(StateMachineDriver.java:193)
	at weblogic.application.internal.ExtensibleModuleWrapper.deactivate(ExtensibleModuleWrapper.java:163)
	at weblogic.application.internal.flow.ModuleListenerInvoker.deactivate(ModuleListenerInvoker.java:131)
	at weblogic.application.internal.flow.ModuleStateDriver$2.previous(ModuleStateDriver.java:216)
	at weblogic.application.internal.flow.ModuleStateDriver$2.previous(ModuleStateDriver.java:207)
	at weblogic.application.utils.StateMachineDriver.previousState(StateMachineDriver.java:207)
	at weblogic.application.utils.StateMachineDriver.previousState(StateMachineDriver.java:193)
	at weblogic.application.internal.flow.ModuleStateDriver.deactivate(ModuleStateDriver.java:101)
	at weblogic.application.internal.flow.DeploymentCallbackFlow.deactivate(DeploymentCallbackFlow.java:120)
	at weblogic.application.internal.BaseDeployment$2.previous(BaseDeployment.java:758)
	at weblogic.application.utils.StateMachineDriver.previousState(StateMachineDriver.java:207)
	at weblogic.application.utils.StateMachineDriver.previousState(StateMachineDriver.java:193)
	at weblogic.application.internal.BaseDeployment.deactivate(BaseDeployment.java:285)
	at weblogic.application.internal.SingleModuleDeployment.deactivate(SingleModuleDeployment.java:52)
	at weblogic.application.internal.DeploymentStateChecker.deactivate(DeploymentStateChecker.java:202)
	at weblogic.deploy.internal.targetserver.AppContainerInvoker.deactivate(AppContainerInvoker.java:114)
	at weblogic.deploy.internal.targetserver.operations.DeactivateOperation.deactivate(DeactivateOperation.java:78)
	at weblogic.deploy.internal.targetserver.operations.RemoveOperation.removeDeployment(RemoveOperation.java:361)
	at weblogic.deploy.internal.targetserver.operations.RemoveOperation.doCommit(RemoveOperation.java:144)
	at weblogic.deploy.internal.targetserver.operations.AbstractOperation.commit(AbstractOperation.java:348)
	at weblogic.deploy.internal.targetserver.DeploymentManager.handleDeploymentCommit(DeploymentManager.java:907)
	at weblogic.deploy.internal.targetserver.DeploymentManager.activateDeploymentList(DeploymentManager.java:1468)
	at weblogic.deploy.internal.targetserver.DeploymentManager.handleCommit(DeploymentManager.java:459)
	at weblogic.deploy.internal.targetserver.DeploymentServiceDispatcher.commit(DeploymentServiceDispatcher.java:181)
	at weblogic.deploy.service.internal.targetserver.DeploymentReceiverCallbackDeliverer.doCommitCallback(DeploymentReceiverCallbackDeliverer.java:217)
	at weblogic.deploy.service.internal.targetserver.DeploymentReceiverCallbackDeliverer.access$100(DeploymentReceiverCallbackDeliverer.java:14)
	at weblogic.deploy.service.internal.targetserver.DeploymentReceiverCallbackDeliverer$2.run(DeploymentReceiverCallbackDeliverer.java:69)
	at weblogic.work.SelfTuningWorkManagerImpl$WorkAdapterImpl.run(SelfTuningWorkManagerImpl.java:670)
	at weblogic.invocation.ComponentInvocationContextManager._runAs(ComponentInvocationContextManager.java:352)
	at weblogic.invocation.ComponentInvocationContextManager.runAs(ComponentInvocationContextManager.java:337)
	at weblogic.work.LivePartitionUtility.doRunWorkUnderContext(LivePartitionUtility.java:57)
	at weblogic.work.PartitionUtility.runWorkUnderContext(PartitionUtility.java:41)
	at weblogic.work.SelfTuningWorkManagerImpl.runWorkUnderContext(SelfTuningWorkManagerImpl.java:644)
	at weblogic.work.ExecuteThread.execute(ExecuteThread.java:415)
	at weblogic.work.ExecuteThread.run(ExecuteThread.java:355)
<Aug 16, 2021 10:44:50,890 AM ICT> <Error> <J2EE> <BEA-160248> <Unable to parse class file: zip:/u01/Oracle/Middleware/Oracle_Home/user_projects/domains/btc_portal/servers/api/tmp/_WL_user/RESTFulAPI_WebService/gboz78/war/WEB-INF/lib/HikariCP-3.4.5.jar!/META-INF/versions/11/module-info.class. > 
<Aug 16, 2021 10:44:57,540 AM ICT> <Error> <J2EE> <BEA-160248> <Unable to parse class file: zip:/u01/Oracle/Middleware/Oracle_Home/user_projects/domains/btc_portal/servers/api/tmp/_WL_user/RESTFulAPI_WebService/gboz78/war/WEB-INF/lib/HikariCP-3.4.5.jar!/META-INF/versions/11/module-info.class. > 

  .   ____          _            __ _ _
 /\\ / ___'_ __ _ _(_)_ __  __ _ \ \ \ \
( ( )\___ | '_ | '_| | '_ \/ _` | \ \ \ \
 \\/  ___)| |_)| | | | | || (_| |  ) ) ) )
  '  |____| .__|_| |_|_| |_\__, | / / / /
 =========|_|==============|___/=/_/_/_/
 :: Spring Boot ::                (v2.4.3)

2021-08-16 10:45:23.293  INFO 29085 --- [ (self-tuning)'] com.example.Config.ServletInitializer    : Starting ServletInitializer using Java 1.8.0_281 on mofportal.tvs.com with PID 29085 (/u01/Oracle/Middleware/Oracle_Home/user_projects/domains/btc_portal/servers/api/tmp/_WL_user/RESTFulAPI_WebService/gboz78/war/WEB-INF/lib/_wl_cls_gen.jar started by oracle in /u01/Oracle/Middleware/Oracle_Home/user_projects/domains/btc_portal)
2021-08-16 10:45:23.323  INFO 29085 --- [ (self-tuning)'] com.example.Config.ServletInitializer    : No active profile set, falling back to default profiles: default
2021-08-16 10:45:28.150  INFO 29085 --- [ (self-tuning)'] .s.d.r.c.RepositoryConfigurationDelegate : Bootstrapping Spring Data JPA repositories in DEFAULT mode.
2021-08-16 10:45:28.259  INFO 29085 --- [ (self-tuning)'] .s.d.r.c.RepositoryConfigurationDelegate : Finished Spring Data repository scanning in 77 ms. Found 0 JPA repository interfaces.
2021-08-16 10:45:30.261  INFO 29085 --- [ (self-tuning)'] w.s.c.ServletWebServerApplicationContext : Root WebApplicationContext: initialization completed in 6584 ms
2021-08-16 10:45:42.066  INFO 29085 --- [ (self-tuning)'] j.LocalContainerEntityManagerFactoryBean : Initialized JPA EntityManagerFactory for persistence unit 'PU_Api'
2021-08-16 10:45:43.353  INFO 29085 --- [ (self-tuning)'] j.LocalContainerEntityManagerFactoryBean : Initialized JPA EntityManagerFactory for persistence unit 'PU_AppUtils'
2021-08-16 10:45:44.158  INFO 29085 --- [ (self-tuning)'] j.LocalContainerEntityManagerFactoryBean : Initialized JPA EntityManagerFactory for persistence unit 'PU_Acms'
2021-08-16 10:45:48.422  WARN 29085 --- [ (self-tuning)'] JpaBaseConfiguration$JpaWebConfiguration : spring.jpa.open-in-view is enabled by default. Therefore, database queries may be performed during view rendering. Explicitly configure spring.jpa.open-in-view to disable this warning
2021-08-16 10:45:52.813  INFO 29085 --- [ (self-tuning)'] com.example.Config.ServletInitializer    : Started ServletInitializer in 32.514 seconds (JVM running for 90282.26)
2021-08-16 10:47:10.899  INFO 29085 --- [ (self-tuning)'] o.s.web.servlet.DispatcherServlet        : Initializing Servlet 'dispatcherServlet'
2021-08-16 10:47:10.904  INFO 29085 --- [ (self-tuning)'] o.s.web.servlet.DispatcherServlet        : Completed initialization in 3 ms
Start get detail ...
maps: {IdcService=GET_SEARCH_RESULTS, QueryText=dID = `5`}
USERUCM: weblogic
PASSWORDUCM: weblogic1
HOSTNAME: 192.168.50.250
RIDCPORT: 4444
idcClient : oracle.stellent.ridc.protocol.intradoc.IntradocClient@6de02a26
end get detail ...
